# JRE version: OpenJDK Runtime Environment (11.0.8+10) (build 11.0.8+10-post-Ubuntu-0ubuntu118.04.1)
# Java VM: OpenJDK 64-Bit Server VM (11.0.8+10-post-Ubuntu-0ubuntu118.04.1, mixed mode, sharing, tiered, compressed oops, serial gc, linux-amd64)
Heap:
 def new generation   total 9536K, used 6647K [0x00000000f8000000, 0x00000000f8a50000, 0x00000000faaa0000)
  eden space 8512K,  76% used [0x00000000f8000000, 0x00000000f86558d8, 0x00000000f8850000)
  from space 1024K,  15% used [0x00000000f8950000, 0x00000000f89783b8, 0x00000000f8a50000)
  to   space 1024K,   0% used [0x00000000f8850000, 0x00000000f8850000, 0x00000000f8950000)
 tenured generation   total 21008K, used 13356K [0x00000000faaa0000, 0x00000000fbf24000, 0x0000000100000000)
   the space 21008K,  63% used [0x00000000faaa0000, 0x00000000fb7ab110, 0x00000000fb7ab200, 0x00000000fbf24000)
 Metaspace       used 7697K, capacity 7898K, committed 8448K, reserved 1056768K
  class space    used 737K, capacity 858K, committed 1024K, reserved 1048576K
GC Heap History (20 events):
Event: 856.845 GC heap before
{Heap before GC invocations=1320 (full 4):
 def new generation   total 9536K, used 8673K [0x00000000f8000000, 0x00000000f8a50000, 0x00000000faaa0000)
  eden space 8512K, 100% used [0x00000000f8000000, 0x00000000f8850000, 0x00000000f8850000)
  from space 1024K,  15% used [0x00000000f8950000, 0x00000000f8978458, 0x00000000f8a50000)
  to   space 1024K,   0% used [0x00000000f8850000, 0x00000000f8850000, 0x00000000f8950000)
 tenured generation   total 21008K, used 13198K [0x00000000faaa0000, 0x00000000fbf24000, 0x0000000100000000)
   the space 21008K,  62% used [0x00000000faaa0000, 0x00000000fb783b00, 0x00000000fb783c00, 0x00000000fbf24000)
 Metaspace       used 7694K, capacity 7898K, committed 8448K, reserved 1056768K
  class space    used 736K, capacity 858K, committed 1024K, reserved 1048576K
}
Event: 856.845 GC heap after
{Heap after GC invocations=1321 (full 4):
 def new generation   total 9536K, used 161K [0x00000000f8000000, 0x00000000f8a50000, 0x00000000faaa0000)
  eden space 8512K,   0% used [0x00000000f8000000, 0x00000000f8000000, 0x00000000f8850000)
  from space 1024K,  15% used [0x00000000f8850000, 0x00000000f8878458, 0x00000000f8950000)
  to   space 1024K,   0% used [0x00000000f8950000, 0x00000000f8950000, 0x00000000f8a50000)
 tenured generation   total 21008K, used 13198K [0x00000000faaa0000, 0x00000000fbf24000, 0x0000000100000000)
   the space 21008K,  62% used [0x00000000faaa0000, 0x00000000fb783b00, 0x00000000fb783c00, 0x00000000fbf24000)
 Metaspace       used 7694K, capacity 7898K, committed 8448K, reserved 1056768K
  class space    used 736K, capacity 858K, committed 1024K, reserved 1048576K
}
Event: 857.769 GC heap before
{Heap before GC invocations=1321 (full 4):
 def new generation   total 9536K, used 8673K [0x00000000f8000000, 0x00000000f8a50000, 0x00000000faaa0000)
  eden space 8512K, 100% used [0x00000000f8000000, 0x00000000f8850000, 0x00000000f8850000)
  from space 1024K,  15% used [0x00000000f8850000, 0x00000000f8878458, 0x00000000f8950000)
  to   space 1024K,   0% used [0x00000000f8950000, 0x00000000f8950000, 0x00000000f8a50000)
 tenured generation   total 21008K, used 13198K [0x00000000faaa0000, 0x00000000fbf24000, 0x0000000100000000)
   the space 21008K,  62% used [0x00000000faaa0000, 0x00000000fb783b00, 0x00000000fb783c00, 0x00000000fbf24000)
 Metaspace       used 7694K, capacity 7898K, committed 8448K, reserved 1056768K
  class space    used 736K, capacity 858K, committed 1024K, reserved 1048576K
}
Event: 857.770 GC heap after
{Heap after GC invocations=1322 (full 4):
 def new generation   total 9536K, used 161K [0x00000000f8000000, 0x00000000f8a50000, 0x00000000faaa0000)
  eden space 8512K,   0% used [0x00000000f8000000, 0x00000000f8000000, 0x00000000f8850000)
  from space 1024K,  15% used [0x00000000f8950000, 0x00000000f8978458, 0x00000000f8a50000)
  to   space 1024K,   0% used [0x00000000f8850000, 0x00000000f8850000, 0x00000000f8950000)
 tenured generation   total 21008K, used 13198K [0x00000000faaa0000, 0x00000000fbf24000, 0x0000000100000000)
   the space 21008K,  62% used [0x00000000faaa0000, 0x00000000fb783b00, 0x00000000fb783c00, 0x00000000fbf24000)
 Metaspace       used 7694K, capacity 7898K, committed 8448K, reserved 1056768K
  class space    used 736K, capacity 858K, committed 1024K, reserved 1048576K
}
Event: 858.710 GC heap before
{Heap before GC invocations=1322 (full 4):
 def new generation   total 9536K, used 8673K [0x00000000f8000000, 0x00000000f8a50000, 0x00000000faaa0000)
  eden space 8512K, 100% used [0x00000000f8000000, 0x00000000f8850000, 0x00000000f8850000)
  from space 1024K,  15% used [0x00000000f8950000, 0x00000000f8978458, 0x00000000f8a50000)
  to   space 1024K,   0% used [0x00000000f8850000, 0x00000000f8850000, 0x00000000f8950000)
 tenured generation   total 21008K, used 13198K [0x00000000faaa0000, 0x00000000fbf24000, 0x0000000100000000)
   the space 21008K,  62% used [0x00000000faaa0000, 0x00000000fb783b00, 0x00000000fb783c00, 0x00000000fbf24000)
 Metaspace       used 7694K, capacity 7898K, committed 8448K, reserved 1056768K
  class space    used 736K, capacity 858K, committed 1024K, reserved 1048576K
}
Event: 858.710 GC heap after
{Heap after GC invocations=1323 (full 4):
 def new generation   total 9536K, used 161K [0x00000000f8000000, 0x00000000f8a50000, 0x00000000faaa0000)
  eden space 8512K,   0% used [0x00000000f8000000, 0x00000000f8000000, 0x00000000f8850000)
  from space 1024K,  15% used [0x00000000f8850000, 0x00000000f8878458, 0x00000000f8950000)
  to   space 1024K,   0% used [0x00000000f8950000, 0x00000000f8950000, 0x00000000f8a50000)
 tenured generation   total 21008K, used 13198K [0x00000000faaa0000, 0x00000000fbf24000, 0x0000000100000000)
   the space 21008K,  62% used [0x00000000faaa0000, 0x00000000fb783b00, 0x00000000fb783c00, 0x00000000fbf24000)
 Metaspace       used 7694K, capacity 7898K, committed 8448K, reserved 1056768K
  class space    used 736K, capacity 858K, committed 1024K, reserved 1048576K
}
Event: 859.663 GC heap before
{Heap before GC invocations=1323 (full 4):
 def new generation   total 9536K, used 8673K [0x00000000f8000000, 0x00000000f8a50000, 0x00000000faaa0000)
  eden space 8512K, 100% used [0x00000000f8000000, 0x00000000f8850000, 0x00000000f8850000)
  from space 1024K,  15% used [0x00000000f8850000, 0x00000000f8878458, 0x00000000f8950000)
  to   space 1024K,   0% used [0x00000000f8950000, 0x00000000f8950000, 0x00000000f8a50000)
 tenured generation   total 21008K, used 13198K [0x00000000faaa0000, 0x00000000fbf24000, 0x0000000100000000)
   the space 21008K,  62% used [0x00000000faaa0000, 0x00000000fb783b00, 0x00000000fb783c00, 0x00000000fbf24000)
 Metaspace       used 7694K, capacity 7898K, committed 8448K, reserved 1056768K
  class space    used 736K, capacity 858K, committed 1024K, reserved 1048576K
}
Event: 859.664 GC heap after
{Heap after GC invocations=1324 (full 4):
 def new generation   total 9536K, used 3K [0x00000000f8000000, 0x00000000f8a50000, 0x00000000faaa0000)
  eden space 8512K,   0% used [0x00000000f8000000, 0x00000000f8000000, 0x00000000f8850000)
  from space 1024K,   0% used [0x00000000f8950000, 0x00000000f8950e48, 0x00000000f8a50000)
  to   space 1024K,   0% used [0x00000000f8850000, 0x00000000f8850000, 0x00000000f8950000)
 tenured generation   total 21008K, used 13356K [0x00000000faaa0000, 0x00000000fbf24000, 0x0000000100000000)
   the space 21008K,  63% used [0x00000000faaa0000, 0x00000000fb7ab110, 0x00000000fb7ab200, 0x00000000fbf24000)
 Metaspace       used 7694K, capacity 7898K, committed 8448K, reserved 1056768K
  class space    used 736K, capacity 858K, committed 1024K, reserved 1048576K
}
Event: 860.580 GC heap before
{Heap before GC invocations=1324 (full 4):
 def new generation   total 9536K, used 8515K [0x00000000f8000000, 0x00000000f8a50000, 0x00000000faaa0000)
  eden space 8512K, 100% used [0x00000000f8000000, 0x00000000f8850000, 0x00000000f8850000)
  from space 1024K,   0% used [0x00000000f8950000, 0x00000000f8950e48, 0x00000000f8a50000)
  to   space 1024K,   0% used [0x00000000f8850000, 0x00000000f8850000, 0x00000000f8950000)
 tenured generation   total 21008K, used 13356K [0x00000000faaa0000, 0x00000000fbf24000, 0x0000000100000000)
   the space 21008K,  63% used [0x00000000faaa0000, 0x00000000fb7ab110, 0x00000000fb7ab200, 0x00000000fbf24000)
 Metaspace       used 7694K, capacity 7898K, committed 8448K, reserved 1056768K
  class space    used 736K, capacity 858K, committed 1024K, reserved 1048576K
}
Event: 860.580 GC heap after
{Heap after GC invocations=1325 (full 4):
 def new generation   total 9536K, used 3K [0x00000000f8000000, 0x00000000f8a50000, 0x00000000faaa0000)
  eden space 8512K,   0% used [0x00000000f8000000, 0x00000000f8000000, 0x00000000f8850000)
  from space 1024K,   0% used [0x00000000f8850000, 0x00000000f8850da8, 0x00000000f8950000)
  to   space 1024K,   0% used [0x00000000f8950000, 0x00000000f8950000, 0x00000000f8a50000)
 tenured generation   total 21008K, used 13356K [0x00000000faaa0000, 0x00000000fbf24000, 0x0000000100000000)
   the space 21008K,  63% used [0x00000000faaa0000, 0x00000000fb7ab110, 0x00000000fb7ab200, 0x00000000fbf24000)
 Metaspace       used 7694K, capacity 7898K, committed 8448K, reserved 1056768K
  class space    used 736K, capacity 858K, committed 1024K, reserved 1048576K
}
Event: 861.570 GC heap before
{Heap before GC invocations=1325 (full 4):
 def new generation   total 9536K, used 8515K [0x00000000f8000000, 0x00000000f8a50000, 0x00000000faaa0000)
  eden space 8512K, 100% used [0x00000000f8000000, 0x00000000f8850000, 0x00000000f8850000)
  from space 1024K,   0% used [0x00000000f8850000, 0x00000000f8850da8, 0x00000000f8950000)
  to   space 1024K,   0% used [0x00000000f8950000, 0x00000000f8950000, 0x00000000f8a50000)
 tenured generation   total 21008K, used 13356K [0x00000000faaa0000, 0x00000000fbf24000, 0x0000000100000000)
   the space 21008K,  63% used [0x00000000faaa0000, 0x00000000fb7ab110, 0x00000000fb7ab200, 0x00000000fbf24000)
 Metaspace       used 7694K, capacity 7898K, committed 8448K, reserved 1056768K
  class space    used 736K, capacity 858K, committed 1024K, reserved 1048576K
}
Event: 861.578 GC heap after
{Heap after GC invocations=1326 (full 4):
 def new generation   total 9536K, used 3K [0x00000000f8000000, 0x00000000f8a50000, 0x00000000faaa0000)
  eden space 8512K,   0% used [0x00000000f8000000, 0x00000000f8000000, 0x00000000f8850000)
  from space 1024K,   0% used [0x00000000f8950000, 0x00000000f8950e70, 0x00000000f8a50000)
  to   space 1024K,   0% used [0x00000000f8850000, 0x00000000f8850000, 0x00000000f8950000)
 tenured generation   total 21008K, used 13356K [0x00000000faaa0000, 0x00000000fbf24000, 0x0000000100000000)
   the space 21008K,  63% used [0x00000000faaa0000, 0x00000000fb7ab110, 0x00000000fb7ab200, 0x00000000fbf24000)
 Metaspace       used 7694K, capacity 7898K, committed 8448K, reserved 1056768K
  class space    used 736K, capacity 858K, committed 1024K, reserved 1048576K
}
Event: 862.593 GC heap before
{Heap before GC invocations=1326 (full 4):
 def new generation   total 9536K, used 8515K [0x00000000f8000000, 0x00000000f8a50000, 0x00000000faaa0000)
  eden space 8512K, 100% used [0x00000000f8000000, 0x00000000f8850000, 0x00000000f8850000)
  from space 1024K,   0% used [0x00000000f8950000, 0x00000000f8950e70, 0x00000000f8a50000)
  to   space 1024K,   0% used [0x00000000f8850000, 0x00000000f8850000, 0x00000000f8950000)
 tenured generation   total 21008K, used 13356K [0x00000000faaa0000, 0x00000000fbf24000, 0x0000000100000000)
   the space 21008K,  63% used [0x00000000faaa0000, 0x00000000fb7ab110, 0x00000000fb7ab200, 0x00000000fbf24000)
 Metaspace       used 7694K, capacity 7898K, committed 8448K, reserved 1056768K
  class space    used 736K, capacity 858K, committed 1024K, reserved 1048576K
}
Event: 862.595 GC heap after
{Heap after GC invocations=1327 (full 4):
 def new generation   total 9536K, used 161K [0x00000000f8000000, 0x00000000f8a50000, 0x00000000faaa0000)
  eden space 8512K,   0% used [0x00000000f8000000, 0x00000000f8000000, 0x00000000f8850000)
  from space 1024K,  15% used [0x00000000f8850000, 0x00000000f8878458, 0x00000000f8950000)
  to   space 1024K,   0% used [0x00000000f8950000, 0x00000000f8950000, 0x00000000f8a50000)
 tenured generation   total 21008K, used 13356K [0x00000000faaa0000, 0x00000000fbf24000, 0x0000000100000000)
   the space 21008K,  63% used [0x00000000faaa0000, 0x00000000fb7ab110, 0x00000000fb7ab200, 0x00000000fbf24000)
 Metaspace       used 7694K, capacity 7898K, committed 8448K, reserved 1056768K
  class space    used 736K, capacity 858K, committed 1024K, reserved 1048576K
}
Event: 863.598 GC heap before
{Heap before GC invocations=1327 (full 4):
 def new generation   total 9536K, used 8673K [0x00000000f8000000, 0x00000000f8a50000, 0x00000000faaa0000)
  eden space 8512K, 100% used [0x00000000f8000000, 0x00000000f8850000, 0x00000000f8850000)
  from space 1024K,  15% used [0x00000000f8850000, 0x00000000f8878458, 0x00000000f8950000)
  to   space 1024K,   0% used [0x00000000f8950000, 0x00000000f8950000, 0x00000000f8a50000)
 tenured generation   total 21008K, used 13356K [0x00000000faaa0000, 0x00000000fbf24000, 0x0000000100000000)
   the space 21008K,  63% used [0x00000000faaa0000, 0x00000000fb7ab110, 0x00000000fb7ab200, 0x00000000fbf24000)
 Metaspace       used 7694K, capacity 7898K, committed 8448K, reserved 1056768K
  class space    used 736K, capacity 858K, committed 1024K, reserved 1048576K
}
Event: 863.599 GC heap after
{Heap after GC invocations=1328 (full 4):
 def new generation   total 9536K, used 161K [0x00000000f8000000, 0x00000000f8a50000, 0x00000000faaa0000)
  eden space 8512K,   0% used [0x00000000f8000000, 0x00000000f8000000, 0x00000000f8850000)
  from space 1024K,  15% used [0x00000000f8950000, 0x00000000f8978458, 0x00000000f8a50000)
  to   space 1024K,   0% used [0x00000000f8850000, 0x00000000f8850000, 0x00000000f8950000)
 tenured generation   total 21008K, used 13356K [0x00000000faaa0000, 0x00000000fbf24000, 0x0000000100000000)
   the space 21008K,  63% used [0x00000000faaa0000, 0x00000000fb7ab110, 0x00000000fb7ab200, 0x00000000fbf24000)
 Metaspace       used 7694K, capacity 7898K, committed 8448K, reserved 1056768K
  class space    used 736K, capacity 858K, committed 1024K, reserved 1048576K
}
Event: 864.625 GC heap before
{Heap before GC invocations=1328 (full 4):
 def new generation   total 9536K, used 8673K [0x00000000f8000000, 0x00000000f8a50000, 0x00000000faaa0000)
  eden space 8512K, 100% used [0x00000000f8000000, 0x00000000f8850000, 0x00000000f8850000)
  from space 1024K,  15% used [0x00000000f8950000, 0x00000000f8978458, 0x00000000f8a50000)
  to   space 1024K,   0% used [0x00000000f8850000, 0x00000000f8850000, 0x00000000f8950000)
 tenured generation   total 21008K, used 13356K [0x00000000faaa0000, 0x00000000fbf24000, 0x0000000100000000)
   the space 21008K,  63% used [0x00000000faaa0000, 0x00000000fb7ab110, 0x00000000fb7ab200, 0x00000000fbf24000)
 Metaspace       used 7694K, capacity 7898K, committed 8448K, reserved 1056768K
  class space    used 736K, capacity 858K, committed 1024K, reserved 1048576K
}
Event: 864.626 GC heap after
{Heap after GC invocations=1329 (full 4):
 def new generation   total 9536K, used 161K [0x00000000f8000000, 0x00000000f8a50000, 0x00000000faaa0000)
  eden space 8512K,   0% used [0x00000000f8000000, 0x00000000f8000000, 0x00000000f8850000)
  from space 1024K,  15% used [0x00000000f8850000, 0x00000000f8878458, 0x00000000f8950000)
  to   space 1024K,   0% used [0x00000000f8950000, 0x00000000f8950000, 0x00000000f8a50000)
 tenured generation   total 21008K, used 13356K [0x00000000faaa0000, 0x00000000fbf24000, 0x0000000100000000)
   the space 21008K,  63% used [0x00000000faaa0000, 0x00000000fb7ab110, 0x00000000fb7ab200, 0x00000000fbf24000)
 Metaspace       used 7694K, capacity 7898K, committed 8448K, reserved 1056768K
  class space    used 736K, capacity 858K, committed 1024K, reserved 1048576K
}
Event: 865.541 GC heap before
{Heap before GC invocations=1329 (full 4):
 def new generation   total 9536K, used 8673K [0x00000000f8000000, 0x00000000f8a50000, 0x00000000faaa0000)
  eden space 8512K,  99% used [0x00000000f8000000, 0x00000000f884ffd0, 0x00000000f8850000)
  from space 1024K,  15% used [0x00000000f8850000, 0x00000000f8878458, 0x00000000f8950000)
  to   space 1024K,   0% used [0x00000000f8950000, 0x00000000f8950000, 0x00000000f8a50000)
 tenured generation   total 21008K, used 13356K [0x00000000faaa0000, 0x00000000fbf24000, 0x0000000100000000)
   the space 21008K,  63% used [0x00000000faaa0000, 0x00000000fb7ab110, 0x00000000fb7ab200, 0x00000000fbf24000)
 Metaspace       used 7694K, capacity 7898K, committed 8448K, reserved 1056768K
  class space    used 736K, capacity 858K, committed 1024K, reserved 1048576K
}
Event: 865.542 GC heap after
{Heap after GC invocations=1330 (full 4):
 def new generation   total 9536K, used 160K [0x00000000f8000000, 0x00000000f8a50000, 0x00000000faaa0000)
  eden space 8512K,   0% used [0x00000000f8000000, 0x00000000f8000000, 0x00000000f8850000)
  from space 1024K,  15% used [0x00000000f8950000, 0x00000000f89783b8, 0x00000000f8a50000)
  to   space 1024K,   0% used [0x00000000f8850000, 0x00000000f8850000, 0x00000000f8950000)
 tenured generation   total 21008K, used 13356K [0x00000000faaa0000, 0x00000000fbf24000, 0x0000000100000000)
   the space 21008K,  63% used [0x00000000faaa0000, 0x00000000fb7ab110, 0x00000000fb7ab200, 0x00000000fbf24000)
 Metaspace       used 7694K, capacity 7898K, committed 8448K, reserved 1056768K
  class space    used 736K, capacity 858K, committed 1024K, reserved 1048576K
}

